[stockfantacy.wordpress.com/index.html]
[backblue.gif]
[fade.gif]
[index.html]
[stockfantacy.wordpress.com/xmlrpc0db0.php]
[stockfantacy.wordpress.com/osd.xml]
[stockfantacy.wordpress.com/feed/index.html]
[stockfantacy.wordpress.com/comments/feed/index.html]
[stockfantacy.wordpress.com/index.html]
[stockfantacy.wordpress.com/wp-content/plugins/ie-sitemode/custom-jumplist.php]
[stockfantacy.wordpress.com/contact/index.html]
[stockfantacy.wordpress.com/category/uncategorized/index.html]
[stockfantacy.wordpress.com/category/uncategorized/index.html]
[stockfantacy.wordpress.com/contact/index.html]
[stockfantacy.wordpress.com/blog/index.html]
[stockfantacy.wordpress.com/blog/index.html]
[stockfantacy.wordpress.com/tag/featured/index.html]
[stockfantacy.wordpress.com/tag/featured/index.html]
[stockfantacy.wordpress.com/category/uncategorized/feed/index.html]
[stockfantacy.wordpress.com/tag/featured/feed/index.html]
